Processor:2017/11/30 11:27:25 Brand Processor: IN https://www.autoevolution.com/moto/
Processor:2017/11/30 11:27:29 Brand Processor: OUT https://www.autoevolution.com/moto/
Processor:2017/11/30 11:27:33 Model Processor: IN https://www.autoevolution.com/moto/adler/
Processor:2017/11/30 11:27:36 Model Processor: OUT https://www.autoevolution.com/moto/adler/
Processor:2017/11/30 11:27:40 Moto Processor: IN https://www.autoevolution.com/moto/adler/favorit/
Processor:2017/11/30 11:27:41 Moto Processor: OUT https://www.autoevolution.com/moto/adler/favorit/
Processor:2017/11/30 11:27:41 Model Processor: OUT https://www.autoevolution.com/moto/adler/
Processor:2017/11/30 11:27:45 Spec Processor: IN https://www.autoevolution.com/moto/adler-favorit-1957.html
Processor:2017/11/30 11:27:45 Moto Processor: IN https://www.autoevolution.com/moto/adler/isdt/
Processor:2017/11/30 11:27:47 Spec Processor: OUT https://www.autoevolution.com/moto/adler-favorit-1957.html
Processor:2017/11/30 11:27:48 Moto Processor: OUT https://www.autoevolution.com/moto/adler/isdt/
Processor:2017/11/30 11:27:48 Model Processor: OUT https://www.autoevolution.com/moto/adler/
Processor:2017/11/30 11:27:52 Spec Processor: IN https://www.autoevolution.com/moto/adler-isdt-1957.html
Processor:2017/11/30 11:27:52 Moto Processor: IN https://www.autoevolution.com/moto/adler/mb/
Processor:2017/11/30 11:27:54 Spec Processor: OUT https://www.autoevolution.com/moto/adler-isdt-1957.html
Processor:2017/11/30 11:27:54 Moto Processor: OUT https://www.autoevolution.com/moto/adler/mb/
Processor:2017/11/30 11:27:58 Spec Processor: IN https://www.autoevolution.com/moto/adler-mb-250-1955.html
Processor:2017/11/30 11:27:59 Spec Processor: OUT https://www.autoevolution.com/moto/adler-mb-250-1955.html
Processor:2017/11/30 11:27:59 Moto Processor: OUT https://www.autoevolution.com/moto/adler/mb/
Processor:2017/11/30 11:28:03 Spec Processor: IN https://www.autoevolution.com/moto/adler-mb-250s-1955.html
Processor:2017/11/30 11:28:04 Spec Processor: OUT https://www.autoevolution.com/moto/adler-mb-250s-1955.html
Processor:2017/11/30 11:28:04 Moto Processor: OUT https://www.autoevolution.com/moto/adler/mb/
Processor:2017/11/30 11:28:08 Spec Processor: IN https://www.autoevolution.com/moto/adler-mb-150-1953.html
Processor:2017/11/30 11:28:09 Spec Processor: OUT https://www.autoevolution.com/moto/adler-mb-150-1953.html
Processor:2017/11/30 11:28:09 Moto Processor: OUT https://www.autoevolution.com/moto/adler/mb/
Processor:2017/11/30 11:28:13 Spec Processor: IN https://www.autoevolution.com/moto/adler-mb-250-rs-1953.html
Processor:2017/11/30 11:28:14 Spec Processor: OUT https://www.autoevolution.com/moto/adler-mb-250-rs-1953.html
Processor:2017/11/30 11:28:14 Moto Processor: OUT https://www.autoevolution.com/moto/adler/mb/
Processor:2017/11/30 11:28:14 Model Processor: OUT https://www.autoevolution.com/moto/adler/
Processor:2017/11/30 11:28:18 Moto Processor: IN https://www.autoevolution.com/moto/adler/m-1/
Processor:2017/11/30 11:28:18 Spec Processor: IN https://www.autoevolution.com/moto/adler-mb-200-1952.html
Processor:2017/11/30 11:28:19 Spec Processor: OUT https://www.autoevolution.com/moto/adler-mb-200-1952.html
Processor:2017/11/30 11:28:19 Moto Processor: OUT https://www.autoevolution.com/moto/adler/m-1/
Processor:2017/11/30 11:28:23 Spec Processor: IN https://www.autoevolution.com/moto/adler-m-125-1952.html
Processor:2017/11/30 11:28:24 Spec Processor: OUT https://www.autoevolution.com/moto/adler-m-125-1952.html
Processor:2017/11/30 11:28:24 Moto Processor: OUT https://www.autoevolution.com/moto/adler/m-1/
Processor:2017/11/30 11:28:24 Model Processor: OUT https://www.autoevolution.com/moto/adler/
Processor:2017/11/30 11:28:28 Moto Processor: IN https://www.autoevolution.com/moto/adler/junior/
Processor:2017/11/30 11:28:28 Spec Processor: IN https://www.autoevolution.com/moto/adler-m-100-1949.html
Processor:2017/11/30 11:28:29 Spec Processor: OUT https://www.autoevolution.com/moto/adler-m-100-1949.html
Processor:2017/11/30 11:28:29 Moto Processor: OUT https://www.autoevolution.com/moto/adler/junior/
Processor:2017/11/30 11:28:29 Model Processor: OUT https://www.autoevolution.com/moto/adler/
Processor:2017/11/30 11:28:29 Brand Processor: OUT https://www.autoevolution.com/moto/
Processor:2017/11/30 11:28:33 Spec Processor: IN https://www.autoevolution.com/moto/adler-junior-m100-1955.html
Processor:2017/11/30 11:28:33 Moto Processor: IN https://www.autoevolution.com/moto/adler/1902/
Processor:2017/11/30 11:28:33 Model Processor: IN https://www.autoevolution.com/moto/aeon/
Processor:2017/11/30 11:28:34 Spec Processor: OUT https://www.autoevolution.com/moto/adler-junior-m100-1955.html
Processor:2017/11/30 11:28:34 Moto Processor: OUT https://www.autoevolution.com/moto/adler/1902/
Processor:2017/11/30 11:28:34 Model Processor: OUT https://www.autoevolution.com/moto/aeon/
Processor:2017/11/30 11:28:38 Moto Processor: IN https://www.autoevolution.com/moto/aeon/minikolt/
Processor:2017/11/30 11:28:38 Spec Processor: IN https://www.autoevolution.com/moto/adler-alder-1902-1902.html
Processor:2017/11/30 11:28:41 Spec Processor: OUT https://www.autoevolution.com/moto/adler-alder-1902-1902.html
Processor:2017/11/30 11:28:41 Moto Processor: OUT https://www.autoevolution.com/moto/aeon/minikolt/
Processor:2017/11/30 11:28:41 Model Processor: OUT https://www.autoevolution.com/moto/aeon/
Processor:2017/11/30 11:28:45 Spec Processor: IN https://www.autoevolution.com/moto/aeon-minikolt-50-2012.html
Processor:2017/11/30 11:28:45 Moto Processor: IN https://www.autoevolution.com/moto/aeon/crossland/
Processor:2017/11/30 11:28:46 Spec Processor: OUT https://www.autoevolution.com/moto/aeon-minikolt-50-2012.html
Processor:2017/11/30 11:28:46 Moto Processor: OUT https://www.autoevolution.com/moto/aeon/crossland/
Processor:2017/11/30 11:28:50 Spec Processor: IN https://www.autoevolution.com/moto/aeon-crossland-350-2012.html
Processor:2017/11/30 11:28:51 Spec Processor: OUT https://www.autoevolution.com/moto/aeon-crossland-350-2012.html
Processor:2017/11/30 11:28:51 Moto Processor: OUT https://www.autoevolution.com/moto/aeon/crossland/
Processor:2017/11/30 11:28:55 Spec Processor: IN https://www.autoevolution.com/moto/aeon-crossland-4x4-2012.html
Processor:2017/11/30 11:28:56 Spec Processor: OUT https://www.autoevolution.com/moto/aeon-crossland-4x4-2012.html
Processor:2017/11/30 11:28:56 Moto Processor: OUT https://www.autoevolution.com/moto/aeon/crossland/
Processor:2017/11/30 11:28:56 Model Processor: OUT https://www.autoevolution.com/moto/aeon/
Processor:2017/11/30 11:29:00 Moto Processor: IN https://www.autoevolution.com/moto/aeon/cube/
Processor:2017/11/30 11:29:00 Spec Processor: IN https://www.autoevolution.com/moto/aeon-crossland-300-2010.html
Processor:2017/11/30 11:29:01 Spec Processor: OUT https://www.autoevolution.com/moto/aeon-crossland-300-2010.html
Processor:2017/11/30 11:29:01 Moto Processor: OUT https://www.autoevolution.com/moto/aeon/cube/
Processor:2017/11/30 11:29:01 Model Processor: OUT https://www.autoevolution.com/moto/aeon/
Processor:2017/11/30 11:29:05 Spec Processor: IN https://www.autoevolution.com/moto/aeon-cube-4x4-2012.html
Processor:2017/11/30 11:29:05 Moto Processor: IN https://www.autoevolution.com/moto/aeon/overland/
Processor:2017/11/30 11:29:06 Spec Processor: OUT https://www.autoevolution.com/moto/aeon-cube-4x4-2012.html
Processor:2017/11/30 11:29:06 Moto Processor: OUT https://www.autoevolution.com/moto/aeon/overland/
Processor:2017/11/30 11:29:10 Spec Processor: IN https://www.autoevolution.com/moto/aeon-overland-180-2010.html
Processor:2017/11/30 11:29:11 Spec Processor: OUT https://www.autoevolution.com/moto/aeon-overland-180-2010.html
Processor:2017/11/30 11:29:11 Moto Processor: OUT https://www.autoevolution.com/moto/aeon/overland/
Processor:2017/11/30 11:29:11 Model Processor: OUT https://www.autoevolution.com/moto/aeon/
Processor:2017/11/30 11:29:15 Moto Processor: IN https://www.autoevolution.com/moto/aeon/cobra-1/
Processor:2017/11/30 11:29:15 Spec Processor: IN https://www.autoevolution.com/moto/aeon-overland-125-2002.html
Processor:2017/11/30 11:29:16 Spec Processor: OUT https://www.autoevolution.com/moto/aeon-overland-125-2002.html
Processor:2017/11/30 11:29:16 Moto Processor: OUT https://www.autoevolution.com/moto/aeon/cobra-1/
Processor:2017/11/30 11:29:20 Spec Processor: IN https://www.autoevolution.com/moto/aeon-cobra-100-hi-perf-2012.html
Processor:2017/11/30 11:29:21 Spec Processor: OUT https://www.autoevolution.com/moto/aeon-cobra-100-hi-perf-2012.html
Processor:2017/11/30 11:29:21 Moto Processor: OUT https://www.autoevolution.com/moto/aeon/cobra-1/
Processor:2017/11/30 11:29:25 Spec Processor: IN https://www.autoevolution.com/moto/aeon-cobra-50-2012.html
Processor:2017/11/30 11:29:26 Spec Processor: OUT https://www.autoevolution.com/moto/aeon-cobra-50-2012.html
Processor:2017/11/30 11:29:26 Moto Processor: OUT https://www.autoevolution.com/moto/aeon/cobra-1/
Processor:2017/11/30 11:29:30 Spec Processor: IN https://www.autoevolution.com/moto/aeon-cobra-100-s-2012.html
Processor:2017/11/30 11:29:31 Spec Processor: OUT https://www.autoevolution.com/moto/aeon-cobra-100-s-2012.html
Processor:2017/11/30 11:29:31 Moto Processor: OUT https://www.autoevolution.com/moto/aeon/cobra-1/
Processor:2017/11/30 11:29:35 Spec Processor: IN https://www.autoevolution.com/moto/aeon-cobra-220-offroad-2009.html
Processor:2017/11/30 11:29:36 Spec Processor: OUT https://www.autoevolution.com/moto/aeon-cobra-220-offroad-2009.html
Processor:2017/11/30 11:29:36 Moto Processor: OUT https://www.autoevolution.com/moto/aeon/cobra-1/
Processor:2017/11/30 11:29:36 Model Processor: OUT https://www.autoevolution.com/moto/aeon/
Processor:2017/11/30 11:29:36 Brand Processor: OUT https://www.autoevolution.com/moto/
Processor:2017/11/30 11:29:40 Model Processor: IN https://www.autoevolution.com/moto/aermacchi/
Processor:2017/11/30 11:29:40 Spec Processor: IN https://www.autoevolution.com/moto/aeon-cobra-220-2002.html
Processor:2017/11/30 11:29:40 Moto Processor: IN https://www.autoevolution.com/moto/aeon/sporty/
Processor:2017/11/30 11:29:41 Spec Processor: OUT https://www.autoevolution.com/moto/aeon-cobra-220-2002.html
Processor:2017/11/30 11:29:41 Moto Processor: OUT https://www.autoevolution.com/moto/aeon/sporty/
Processor:2017/11/30 11:29:45 Spec Processor: IN https://www.autoevolution.com/moto/aeon-sporty-180-2001.html
Processor:2017/11/30 11:29:46 Spec Processor: OUT https://www.autoevolution.com/moto/aeon-sporty-180-2001.html
Processor:2017/11/30 11:29:46 Moto Processor: OUT https://www.autoevolution.com/moto/aeon/sporty/
Processor:2017/11/30 11:29:46 Model Processor: OUT https://www.autoevolution.com/moto/aermacchi/
Processor:2017/11/30 11:29:50 Moto Processor: IN https://www.autoevolution.com/moto/aermacchi/350ss/
Processor:2017/11/30 11:29:50 Spec Processor: IN https://www.autoevolution.com/moto/aeon-sporty-125-2001.html
Processor:2017/11/30 11:29:51 Spec Processor: OUT https://www.autoevolution.com/moto/aeon-sporty-125-2001.html
Processor:2017/11/30 11:29:51 Moto Processor: OUT https://www.autoevolution.com/moto/aermacchi/350ss/
Processor:2017/11/30 11:29:51 Model Processor: OUT https://www.autoevolution.com/moto/aermacchi/
Processor:2017/11/30 11:29:55 Moto Processor: IN https://www.autoevolution.com/moto/aermacchi/rc-125/
Processor:2017/11/30 11:29:55 Spec Processor: IN https://www.autoevolution.com/moto/aermacchi-350ss-1972.html
Processor:2017/11/30 11:29:56 Spec Processor: OUT https://www.autoevolution.com/moto/aermacchi-350ss-1972.html
Processor:2017/11/30 11:29:56 Moto Processor: OUT https://www.autoevolution.com/moto/aermacchi/rc-125/
Processor:2017/11/30 11:29:56 Model Processor: OUT https://www.autoevolution.com/moto/aermacchi/
Processor:2017/11/30 11:30:00 Moto Processor: IN https://www.autoevolution.com/moto/aermacchi/ala-verde/
Processor:2017/11/30 11:30:00 Spec Processor: IN https://www.autoevolution.com/moto/aermacchi-rc-125-1971.html
Processor:2017/11/30 11:30:01 Spec Processor: OUT https://www.autoevolution.com/moto/aermacchi-rc-125-1971.html
Processor:2017/11/30 11:30:01 Moto Processor: OUT https://www.autoevolution.com/moto/aermacchi/ala-verde/
Processor:2017/11/30 11:30:01 Model Processor: OUT https://www.autoevolution.com/moto/aermacchi/
Processor:2017/11/30 11:30:05 Spec Processor: IN https://www.autoevolution.com/moto/aermacchi-ala-verde-1959.html
Processor:2017/11/30 11:30:05 Moto Processor: IN https://www.autoevolution.com/moto/aermacchi/ala-d-oro/
Processor:2017/11/30 11:30:06 Spec Processor: OUT https://www.autoevolution.com/moto/aermacchi-ala-verde-1959.html
Processor:2017/11/30 11:30:06 Moto Processor: OUT https://www.autoevolution.com/moto/aermacchi/ala-d-oro/
Processor:2017/11/30 11:30:06 Model Processor: OUT https://www.autoevolution.com/moto/aermacchi/
Processor:2017/11/30 11:30:10 Moto Processor: IN https://www.autoevolution.com/moto/aermacchi/brezza/
Processor:2017/11/30 11:30:10 Spec Processor: IN https://www.autoevolution.com/moto/aermacchi-ala-d-oro-1961.html
Processor:2017/11/30 11:30:11 Spec Processor: OUT https://www.autoevolution.com/moto/aermacchi-ala-d-oro-1961.html
Processor:2017/11/30 11:30:11 Moto Processor: OUT https://www.autoevolution.com/moto/aermacchi/brezza/
Processor:2017/11/30 11:30:11 Model Processor: OUT https://www.autoevolution.com/moto/aermacchi/
Processor:2017/11/30 11:30:15 Moto Processor: IN https://www.autoevolution.com/moto/aermacchi/chimera/
Processor:2017/11/30 11:30:15 Spec Processor: IN https://www.autoevolution.com/moto/aermacchi-brezza-1962.html
Processor:2017/11/30 11:30:16 Spec Processor: OUT https://www.autoevolution.com/moto/aermacchi-brezza-1962.html
Processor:2017/11/30 11:30:16 Moto Processor: OUT https://www.autoevolution.com/moto/aermacchi/chimera/
Processor:2017/11/30 11:30:20 Spec Processor: IN https://www.autoevolution.com/moto/aermacchi-chimera-250-1958.html
Processor:2017/11/30 11:30:21 Spec Processor: OUT https://www.autoevolution.com/moto/aermacchi-chimera-250-1958.html
Processor:2017/11/30 11:30:21 Moto Processor: OUT https://www.autoevolution.com/moto/aermacchi/chimera/
Processor:2017/11/30 11:30:21 Model Processor: OUT https://www.autoevolution.com/moto/aermacchi/
Processor:2017/11/30 11:30:25 Moto Processor: IN https://www.autoevolution.com/moto/aermacchi/sprint-250/
Processor:2017/11/30 11:30:25 Spec Processor: IN https://www.autoevolution.com/moto/aermacchi-chimera-175-1956.html
Processor:2017/11/30 11:30:26 Spec Processor: OUT https://www.autoevolution.com/moto/aermacchi-chimera-175-1956.html
Processor:2017/11/30 11:30:26 Moto Processor: OUT https://www.autoevolution.com/moto/aermacchi/sprint-250/
Processor:2017/11/30 11:30:26 Model Processor: OUT https://www.autoevolution.com/moto/aermacchi/
Processor:2017/11/30 11:30:26 Brand Processor: OUT https://www.autoevolution.com/moto/
Processor:2017/11/30 11:30:30 Model Processor: IN https://www.autoevolution.com/moto/ajp/
Processor:2017/11/30 11:30:30 Spec Processor: IN https://www.autoevolution.com/moto/aermacchi-sprint-250-c-1961.html
Processor:2017/11/30 11:30:30 Moto Processor: IN https://www.autoevolution.com/moto/aermacchi/zeffiro/
Processor:2017/11/30 11:30:31 Spec Processor: OUT https://www.autoevolution.com/moto/aermacchi-sprint-250-c-1961.html
Processor:2017/11/30 11:30:31 Moto Processor: OUT https://www.autoevolution.com/moto/aermacchi/zeffiro/
Processor:2017/11/30 11:30:31 Model Processor: OUT https://www.autoevolution.com/moto/ajp/
Processor:2017/11/30 11:30:35 Moto Processor: IN https://www.autoevolution.com/moto/ajp/pr/
Processor:2017/11/30 11:30:35 Spec Processor: IN https://www.autoevolution.com/moto/aermacchi-zeffiro-1959.html
Processor:2017/11/30 11:30:36 Spec Processor: OUT https://www.autoevolution.com/moto/aermacchi-zeffiro-1959.html
Processor:2017/11/30 11:30:36 Moto Processor: OUT https://www.autoevolution.com/moto/ajp/pr/
Processor:2017/11/30 11:30:40 Spec Processor: IN https://www.autoevolution.com/moto/ajp-pr3-enduro-240-2017.html
Processor:2017/11/30 11:30:41 Spec Processor: OUT https://www.autoevolution.com/moto/ajp-pr3-enduro-240-2017.html
Processor:2017/11/30 11:30:41 Moto Processor: OUT https://www.autoevolution.com/moto/ajp/pr/
Processor:2017/11/30 11:30:45 Spec Processor: IN https://www.autoevolution.com/moto/ajp-pr4-enduro-240-2017.html
Processor:2017/11/30 11:30:46 Spec Processor: OUT https://www.autoevolution.com/moto/ajp-pr4-enduro-240-2017.html
Processor:2017/11/30 11:30:46 Moto Processor: OUT https://www.autoevolution.com/moto/ajp/pr/
Processor:2017/11/30 11:30:50 Spec Processor: IN https://www.autoevolution.com/moto/ajp-pr4-extreme-2017.html
Processor:2017/11/30 11:30:51 Spec Processor: OUT https://www.autoevolution.com/moto/ajp-pr4-extreme-2017.html
Processor:2017/11/30 11:30:51 Moto Processor: OUT https://www.autoevolution.com/moto/ajp/pr/
Processor:2017/11/30 11:30:55 Spec Processor: IN https://www.autoevolution.com/moto/ajp-pr5-enduro-250-2017.html
Processor:2017/11/30 11:30:56 Spec Processor: OUT https://www.autoevolution.com/moto/ajp-pr5-enduro-250-2017.html
Processor:2017/11/30 11:30:56 Moto Processor: OUT https://www.autoevolution.com/moto/ajp/pr/
Processor:2017/11/30 11:31:00 Spec Processor: IN https://www.autoevolution.com/moto/ajp-pr5-extreme-250-2017.html
Processor:2017/11/30 11:31:01 Spec Processor: OUT https://www.autoevolution.com/moto/ajp-pr5-extreme-250-2017.html
Processor:2017/11/30 11:31:01 Moto Processor: OUT https://www.autoevolution.com/moto/ajp/pr/
Processor:2017/11/30 11:31:05 Spec Processor: IN https://www.autoevolution.com/moto/ajp-pr7-adventure-2017.html
Processor:2017/11/30 11:31:07 Spec Processor: OUT https://www.autoevolution.com/moto/ajp-pr7-adventure-2017.html
Processor:2017/11/30 11:31:07 Moto Processor: OUT https://www.autoevolution.com/moto/ajp/pr/
Processor:2017/11/30 11:31:11 Spec Processor: IN https://www.autoevolution.com/moto/ajp-pr3-240-enduro-pro-2015.html
Processor:2017/11/30 11:31:13 Spec Processor: OUT https://www.autoevolution.com/moto/ajp-pr3-240-enduro-pro-2015.html
Processor:2017/11/30 11:31:13 Moto Processor: OUT https://www.autoevolution.com/moto/ajp/pr/
Processor:2017/11/30 11:31:17 Spec Processor: IN https://www.autoevolution.com/moto/ajp-pr4-240-enduro-pro-2015.html
Processor:2017/11/30 11:31:18 Spec Processor: OUT https://www.autoevolution.com/moto/ajp-pr4-240-enduro-pro-2015.html
Processor:2017/11/30 11:31:18 Moto Processor: OUT https://www.autoevolution.com/moto/ajp/pr/
Processor:2017/11/30 11:31:22 Spec Processor: IN https://www.autoevolution.com/moto/ajp-pr5r-250-enduro-2015.html
Processor:2017/11/30 11:31:23 Spec Processor: OUT https://www.autoevolution.com/moto/ajp-pr5r-250-enduro-2015.html
Processor:2017/11/30 11:31:23 Moto Processor: OUT https://www.autoevolution.com/moto/ajp/pr/
Processor:2017/11/30 11:31:27 Spec Processor: IN https://www.autoevolution.com/moto/ajp-pr7-2015.html
Processor:2017/11/30 11:31:28 Spec Processor: OUT https://www.autoevolution.com/moto/ajp-pr7-2015.html
Processor:2017/11/30 11:31:28 Moto Processor: OUT https://www.autoevolution.com/moto/ajp/pr/
Processor:2017/11/30 11:31:32 Spec Processor: IN https://www.autoevolution.com/moto/ajp-pr3-125-enduro-2014.html
Processor:2017/11/30 11:31:33 Spec Processor: OUT https://www.autoevolution.com/moto/ajp-pr3-125-enduro-2014.html
Processor:2017/11/30 11:31:33 Moto Processor: OUT https://www.autoevolution.com/moto/ajp/pr/
Processor:2017/11/30 11:31:37 Spec Processor: IN https://www.autoevolution.com/moto/ajp-pr3-125-enduro-pro-2014.html
Processor:2017/11/30 11:31:38 Spec Processor: OUT https://www.autoevolution.com/moto/ajp-pr3-125-enduro-pro-2014.html
Processor:2017/11/30 11:31:38 Moto Processor: OUT https://www.autoevolution.com/moto/ajp/pr/
Processor:2017/11/30 11:31:42 Spec Processor: IN https://www.autoevolution.com/moto/ajp-pr3-125-supermoto-2014.html
Processor:2017/11/30 11:31:43 Spec Processor: OUT https://www.autoevolution.com/moto/ajp-pr3-125-supermoto-2014.html
Processor:2017/11/30 11:31:43 Moto Processor: OUT https://www.autoevolution.com/moto/ajp/pr/
Processor:2017/11/30 11:31:47 Spec Processor: IN https://www.autoevolution.com/moto/ajp-pr3-125-trail-2014.html
Processor:2017/11/30 11:31:48 Spec Processor: OUT https://www.autoevolution.com/moto/ajp-pr3-125-trail-2014.html
Processor:2017/11/30 11:31:48 Moto Processor: OUT https://www.autoevolution.com/moto/ajp/pr/
Processor:2017/11/30 11:31:52 Spec Processor: IN https://www.autoevolution.com/moto/ajp-pr3-200-enduro-pro-2014.html
Processor:2017/11/30 11:31:53 Spec Processor: OUT https://www.autoevolution.com/moto/ajp-pr3-200-enduro-pro-2014.html
Processor:2017/11/30 11:31:53 Moto Processor: OUT https://www.autoevolution.com/moto/ajp/pr/
Processor:2017/11/30 11:31:57 Spec Processor: IN https://www.autoevolution.com/moto/ajp-pr3-200-supermoto-2014.html
Processor:2017/11/30 11:31:58 Spec Processor: OUT https://www.autoevolution.com/moto/ajp-pr3-200-supermoto-2014.html
Processor:2017/11/30 11:31:58 Moto Processor: OUT https://www.autoevolution.com/moto/ajp/pr/
Processor:2017/11/30 11:32:02 Spec Processor: IN https://www.autoevolution.com/moto/ajp-pr4-125-enduro-2014.html
Processor:2017/11/30 11:32:03 Spec Processor: OUT https://www.autoevolution.com/moto/ajp-pr4-125-enduro-2014.html
Processor:2017/11/30 11:32:03 Moto Processor: OUT https://www.autoevolution.com/moto/ajp/pr/
Processor:2017/11/30 11:32:07 Spec Processor: IN https://www.autoevolution.com/moto/ajp-pr4-125-enduro-pro-2014.html
Processor:2017/11/30 11:32:08 Spec Processor: OUT https://www.autoevolution.com/moto/ajp-pr4-125-enduro-pro-2014.html
Processor:2017/11/30 11:32:08 Moto Processor: OUT https://www.autoevolution.com/moto/ajp/pr/
Processor:2017/11/30 11:32:12 Spec Processor: IN https://www.autoevolution.com/moto/ajp-pr4-125-supermoto-2014.html
Processor:2017/11/30 11:32:13 Spec Processor: OUT https://www.autoevolution.com/moto/ajp-pr4-125-supermoto-2014.html
Processor:2017/11/30 11:32:13 Moto Processor: OUT https://www.autoevolution.com/moto/ajp/pr/
Processor:2017/11/30 11:32:17 Spec Processor: IN https://www.autoevolution.com/moto/ajp-pr4-200-enduro-pro-2014.html
Processor:2017/11/30 11:32:18 Spec Processor: OUT https://www.autoevolution.com/moto/ajp-pr4-200-enduro-pro-2014.html
Processor:2017/11/30 11:32:18 Moto Processor: OUT https://www.autoevolution.com/moto/ajp/pr/
Processor:2017/11/30 11:32:22 Spec Processor: IN https://www.autoevolution.com/moto/ajp-pr4-200-supermoto-2014.html
Processor:2017/11/30 11:32:25 Spec Processor: OUT https://www.autoevolution.com/moto/ajp-pr4-200-supermoto-2014.html
Processor:2017/11/30 11:32:25 Moto Processor: OUT https://www.autoevolution.com/moto/ajp/pr/
Processor:2017/11/30 11:32:29 Spec Processor: IN https://www.autoevolution.com/moto/ajp-pr4-240-enduro-pro-2014.html
Processor:2017/11/30 11:32:31 Spec Processor: OUT https://www.autoevolution.com/moto/ajp-pr4-240-enduro-pro-2014.html
Processor:2017/11/30 11:32:31 Moto Processor: OUT https://www.autoevolution.com/moto/ajp/pr/
Processor:2017/11/30 11:32:35 Spec Processor: IN https://www.autoevolution.com/moto/ajp-pr4-240-extreme-2014.html
Processor:2017/11/30 11:32:36 Spec Processor: OUT https://www.autoevolution.com/moto/ajp-pr4-240-extreme-2014.html
Processor:2017/11/30 11:32:36 Moto Processor: OUT https://www.autoevolution.com/moto/ajp/pr/
Processor:2017/11/30 11:32:40 Spec Processor: IN https://www.autoevolution.com/moto/ajp-pr4-240-supermoto-2014.html
Processor:2017/11/30 11:32:41 Spec Processor: OUT https://www.autoevolution.com/moto/ajp-pr4-240-supermoto-2014.html
Processor:2017/11/30 11:32:41 Moto Processor: OUT https://www.autoevolution.com/moto/ajp/pr/
Processor:2017/11/30 11:32:45 Spec Processor: IN https://www.autoevolution.com/moto/ajp-pr5-250-enduro-2014.html
Processor:2017/11/30 11:32:47 Spec Processor: OUT https://www.autoevolution.com/moto/ajp-pr5-250-enduro-2014.html
Processor:2017/11/30 11:32:47 Moto Processor: OUT https://www.autoevolution.com/moto/ajp/pr/
Processor:2017/11/30 11:32:51 Spec Processor: IN https://www.autoevolution.com/moto/ajp-pr5-250-extreme-2014.html
Processor:2017/11/30 11:32:52 Spec Processor: OUT https://www.autoevolution.com/moto/ajp-pr5-250-extreme-2014.html
Processor:2017/11/30 11:32:52 Moto Processor: OUT https://www.autoevolution.com/moto/ajp/pr/
Processor:2017/11/30 11:32:56 Spec Processor: IN https://www.autoevolution.com/moto/ajp-pr5-250-supermoto-2014.html
Processor:2017/11/30 11:33:00 Spec Processor: OUT https://www.autoevolution.com/moto/ajp-pr5-250-supermoto-2014.html
Processor:2017/11/30 11:33:00 Moto Processor: OUT https://www.autoevolution.com/moto/ajp/pr/
Processor:2017/11/30 11:33:04 Spec Processor: IN https://www.autoevolution.com/moto/ajp-pr3-125-enduro-2013.html
Processor:2017/11/30 11:33:06 Spec Processor: OUT https://www.autoevolution.com/moto/ajp-pr3-125-enduro-2013.html
Processor:2017/11/30 11:33:06 Moto Processor: OUT https://www.autoevolution.com/moto/ajp/pr/
Processor:2017/11/30 11:33:10 Spec Processor: IN https://www.autoevolution.com/moto/ajp-pr3-125-enduro-pro-2013.html
Processor:2017/11/30 11:33:19 Spec Processor: OUT https://www.autoevolution.com/moto/ajp-pr3-125-enduro-pro-2013.html
Processor:2017/11/30 11:33:19 Moto Processor: OUT https://www.autoevolution.com/moto/ajp/pr/
Processor:2017/11/30 11:33:23 Spec Processor: IN https://www.autoevolution.com/moto/ajp-pr3-125-trail-2013.html
Processor:2017/11/30 11:33:24 Spec Processor: OUT https://www.autoevolution.com/moto/ajp-pr3-125-trail-2013.html
Processor:2017/11/30 11:33:24 Moto Processor: OUT https://www.autoevolution.com/moto/ajp/pr/
Processor:2017/11/30 11:33:28 Spec Processor: IN https://www.autoevolution.com/moto/ajp-pr3-125-supermoto-2013.html
Processor:2017/11/30 11:33:29 Spec Processor: OUT https://www.autoevolution.com/moto/ajp-pr3-125-supermoto-2013.html
Processor:2017/11/30 11:33:29 Moto Processor: OUT https://www.autoevolution.com/moto/ajp/pr/
Processor:2017/11/30 11:33:33 Spec Processor: IN https://www.autoevolution.com/moto/ajp-pr3-200-enduro-pro-2013.html
Processor:2017/11/30 11:33:34 Spec Processor: OUT https://www.autoevolution.com/moto/ajp-pr3-200-enduro-pro-2013.html
Processor:2017/11/30 11:33:34 Moto Processor: OUT https://www.autoevolution.com/moto/ajp/pr/
Processor:2017/11/30 11:33:38 Spec Processor: IN https://www.autoevolution.com/moto/ajp-pr3-200-supermoto-2013.html
Processor:2017/11/30 11:33:39 Spec Processor: OUT https://www.autoevolution.com/moto/ajp-pr3-200-supermoto-2013.html
Processor:2017/11/30 11:33:39 Moto Processor: OUT https://www.autoevolution.com/moto/ajp/pr/
Processor:2017/11/30 11:33:43 Spec Processor: IN https://www.autoevolution.com/moto/ajp-pr4-125-enduro-2013.html
Processor:2017/11/30 11:33:44 Spec Processor: OUT https://www.autoevolution.com/moto/ajp-pr4-125-enduro-2013.html
Processor:2017/11/30 11:33:44 Moto Processor: OUT https://www.autoevolution.com/moto/ajp/pr/
Processor:2017/11/30 11:33:48 Spec Processor: IN https://www.autoevolution.com/moto/ajp-pr4-125-enduro-pro-2013.html
Processor:2017/11/30 11:33:49 Spec Processor: OUT https://www.autoevolution.com/moto/ajp-pr4-125-enduro-pro-2013.html
Processor:2017/11/30 11:33:49 Moto Processor: OUT https://www.autoevolution.com/moto/ajp/pr/
Processor:2017/11/30 11:33:53 Spec Processor: IN https://www.autoevolution.com/moto/ajp-pr4-125-supermoto-2013.html
Processor:2017/11/30 11:33:54 Spec Processor: OUT https://www.autoevolution.com/moto/ajp-pr4-125-supermoto-2013.html
Processor:2017/11/30 11:33:54 Moto Processor: OUT https://www.autoevolution.com/moto/ajp/pr/
Processor:2017/11/30 11:33:58 Spec Processor: IN https://www.autoevolution.com/moto/ajp-pr4-200-enduro-pro-2013.html
Processor:2017/11/30 11:33:59 Spec Processor: OUT https://www.autoevolution.com/moto/ajp-pr4-200-enduro-pro-2013.html
Processor:2017/11/30 11:33:59 Moto Processor: OUT https://www.autoevolution.com/moto/ajp/pr/
Processor:2017/11/30 11:34:03 Spec Processor: IN https://www.autoevolution.com/moto/ajp-pr4-200-supermoto-2013.html
Processor:2017/11/30 11:34:04 Spec Processor: OUT https://www.autoevolution.com/moto/ajp-pr4-200-supermoto-2013.html
Processor:2017/11/30 11:34:04 Moto Processor: OUT https://www.autoevolution.com/moto/ajp/pr/
Processor:2017/11/30 11:34:08 Spec Processor: IN https://www.autoevolution.com/moto/ajp-pr4-240-enduro-pro-2013.html
Processor:2017/11/30 11:34:09 Spec Processor: OUT https://www.autoevolution.com/moto/ajp-pr4-240-enduro-pro-2013.html
Processor:2017/11/30 11:34:09 Moto Processor: OUT https://www.autoevolution.com/moto/ajp/pr/
Processor:2017/11/30 11:34:13 Spec Processor: IN https://www.autoevolution.com/moto/ajp-pr4-240-supermoto-2013.html
Processor:2017/11/30 11:34:14 Spec Processor: OUT https://www.autoevolution.com/moto/ajp-pr4-240-supermoto-2013.html
Processor:2017/11/30 11:34:14 Moto Processor: OUT https://www.autoevolution.com/moto/ajp/pr/
Processor:2017/11/30 11:34:18 Spec Processor: IN https://www.autoevolution.com/moto/ajp-pr4-240-extreme-2013.html
Processor:2017/11/30 11:34:19 Spec Processor: OUT https://www.autoevolution.com/moto/ajp-pr4-240-extreme-2013.html
Processor:2017/11/30 11:34:19 Moto Processor: OUT https://www.autoevolution.com/moto/ajp/pr/
Processor:2017/11/30 11:34:23 Spec Processor: IN https://www.autoevolution.com/moto/ajp-pr5-250-enduro-2013.html
Processor:2017/11/30 11:34:24 Spec Processor: OUT https://www.autoevolution.com/moto/ajp-pr5-250-enduro-2013.html
Processor:2017/11/30 11:34:24 Moto Processor: OUT https://www.autoevolution.com/moto/ajp/pr/
Processor:2017/11/30 11:34:28 Spec Processor: IN https://www.autoevolution.com/moto/ajp-pr5-250-supermoto-2013.html
Processor:2017/11/30 11:34:29 Spec Processor: OUT https://www.autoevolution.com/moto/ajp-pr5-250-supermoto-2013.html
Processor:2017/11/30 11:34:29 Moto Processor: OUT https://www.autoevolution.com/moto/ajp/pr/
Processor:2017/11/30 11:34:33 Spec Processor: IN https://www.autoevolution.com/moto/ajp-pr5-250-extreme-2013.html
Processor:2017/11/30 11:34:34 Spec Processor: OUT https://www.autoevolution.com/moto/ajp-pr5-250-extreme-2013.html
Processor:2017/11/30 11:34:34 Moto Processor: OUT https://www.autoevolution.com/moto/ajp/pr/
Processor:2017/11/30 11:34:38 Spec Processor: IN https://www.autoevolution.com/moto/ajp-pr3-125-enduro-pro-2012.html
Processor:2017/11/30 11:34:41 Spec Processor: OUT https://www.autoevolution.com/moto/ajp-pr3-125-enduro-pro-2012.html
Processor:2017/11/30 11:34:41 Moto Processor: OUT https://www.autoevolution.com/moto/ajp/pr/
Processor:2017/11/30 11:34:45 Spec Processor: IN https://www.autoevolution.com/moto/ajp-pr3-125-trail-2012.html
Processor:2017/11/30 11:34:47 Spec Processor: OUT https://www.autoevolution.com/moto/ajp-pr3-125-trail-2012.html
Processor:2017/11/30 11:34:47 Moto Processor: OUT https://www.autoevolution.com/moto/ajp/pr/
Processor:2017/11/30 11:34:51 Spec Processor: IN https://www.autoevolution.com/moto/ajp-pr3-125-supermoto-2012.html
Processor:2017/11/30 11:35:02 Spec Processor: OUT https://www.autoevolution.com/moto/ajp-pr3-125-supermoto-2012.html
Processor:2017/11/30 11:35:02 Moto Processor: OUT https://www.autoevolution.com/moto/ajp/pr/
Processor:2017/11/30 11:35:06 Spec Processor: IN https://www.autoevolution.com/moto/ajp-pr3-200-enduro-pro-2012.html
Processor:2017/11/30 11:35:07 Spec Processor: OUT https://www.autoevolution.com/moto/ajp-pr3-200-enduro-pro-2012.html
Processor:2017/11/30 11:35:07 Moto Processor: OUT https://www.autoevolution.com/moto/ajp/pr/
Processor:2017/11/30 11:35:11 Spec Processor: IN https://www.autoevolution.com/moto/ajp-pr3-200-supermoto-2012.html
Processor:2017/11/30 11:35:12 Spec Processor: OUT https://www.autoevolution.com/moto/ajp-pr3-200-supermoto-2012.html
Processor:2017/11/30 11:35:12 Moto Processor: OUT https://www.autoevolution.com/moto/ajp/pr/
Processor:2017/11/30 11:35:16 Spec Processor: IN https://www.autoevolution.com/moto/ajp-pr4-125-enduro-2012.html
Processor:2017/11/30 11:35:17 Spec Processor: OUT https://www.autoevolution.com/moto/ajp-pr4-125-enduro-2012.html
Processor:2017/11/30 11:35:17 Moto Processor: OUT https://www.autoevolution.com/moto/ajp/pr/
Processor:2017/11/30 11:35:21 Spec Processor: IN https://www.autoevolution.com/moto/ajp-pr4-125-enduro-pro-2012.html
Processor:2017/11/30 11:35:26 Spec Processor: OUT https://www.autoevolution.com/moto/ajp-pr4-125-enduro-pro-2012.html
Processor:2017/11/30 11:35:26 Moto Processor: OUT https://www.autoevolution.com/moto/ajp/pr/
Processor:2017/11/30 11:35:30 Spec Processor: IN https://www.autoevolution.com/moto/ajp-pr4-125-supermoto-2012.html
Processor:2017/11/30 11:35:38 Spec Processor: OUT https://www.autoevolution.com/moto/ajp-pr4-125-supermoto-2012.html
Processor:2017/11/30 11:35:38 Moto Processor: OUT https://www.autoevolution.com/moto/ajp/pr/
Processor:2017/11/30 11:35:42 Spec Processor: IN https://www.autoevolution.com/moto/ajp-pr4-200-enduro-pro-2012.html
Processor:2017/11/30 11:35:43 Spec Processor: OUT https://www.autoevolution.com/moto/ajp-pr4-200-enduro-pro-2012.html
Processor:2017/11/30 11:35:43 Moto Processor: OUT https://www.autoevolution.com/moto/ajp/pr/
Processor:2017/11/30 11:35:47 Spec Processor: IN https://www.autoevolution.com/moto/ajp-pr4-200-supermoto-2012.html
Processor:2017/11/30 11:35:48 Spec Processor: OUT https://www.autoevolution.com/moto/ajp-pr4-200-supermoto-2012.html
Processor:2017/11/30 11:35:48 Moto Processor: OUT https://www.autoevolution.com/moto/ajp/pr/
Processor:2017/11/30 11:35:52 Spec Processor: IN https://www.autoevolution.com/moto/ajp-pr4-240-enduro-pro-2012.html
Processor:2017/11/30 11:35:53 Spec Processor: OUT https://www.autoevolution.com/moto/ajp-pr4-240-enduro-pro-2012.html
Processor:2017/11/30 11:35:53 Moto Processor: OUT https://www.autoevolution.com/moto/ajp/pr/
Processor:2017/11/30 11:35:57 Spec Processor: IN https://www.autoevolution.com/moto/ajp-pr4-240-supermoto-2012.html
Processor:2017/11/30 11:35:58 Spec Processor: OUT https://www.autoevolution.com/moto/ajp-pr4-240-supermoto-2012.html
Processor:2017/11/30 11:35:58 Moto Processor: OUT https://www.autoevolution.com/moto/ajp/pr/
Processor:2017/11/30 11:36:02 Spec Processor: IN https://www.autoevolution.com/moto/ajp-pr4-240-extreme-2012.html
Processor:2017/11/30 11:36:03 Spec Processor: OUT https://www.autoevolution.com/moto/ajp-pr4-240-extreme-2012.html
Processor:2017/11/30 11:36:03 Moto Processor: OUT https://www.autoevolution.com/moto/ajp/pr/
Processor:2017/11/30 11:36:07 Spec Processor: IN https://www.autoevolution.com/moto/ajp-pr5-250-enduro-2012.html
Processor:2017/11/30 11:36:07 Spec Processor: OUT https://www.autoevolution.com/moto/ajp-pr5-250-enduro-2012.html
Processor:2017/11/30 11:36:07 Moto Processor: OUT https://www.autoevolution.com/moto/ajp/pr/
Processor:2017/11/30 11:36:11 Spec Processor: IN https://www.autoevolution.com/moto/ajp-pr5-250-supermoto-2012.html
Processor:2017/11/30 11:36:12 Spec Processor: OUT https://www.autoevolution.com/moto/ajp-pr5-250-supermoto-2012.html
Processor:2017/11/30 11:36:12 Moto Processor: OUT https://www.autoevolution.com/moto/ajp/pr/
Processor:2017/11/30 11:36:16 Spec Processor: IN https://www.autoevolution.com/moto/ajp-pr5-250-extreme-2012.html
Processor:2017/11/30 11:36:17 Spec Processor: OUT https://www.autoevolution.com/moto/ajp-pr5-250-extreme-2012.html
Processor:2017/11/30 11:36:17 Moto Processor: OUT https://www.autoevolution.com/moto/ajp/pr/
Processor:2017/11/30 11:36:21 Spec Processor: IN https://www.autoevolution.com/moto/ajp-pr3-125-enduro-pro-2011.html
Processor:2017/11/30 11:36:29 Spec Processor: OUT https://www.autoevolution.com/moto/ajp-pr3-125-enduro-pro-2011.html
Processor:2017/11/30 11:36:29 Moto Processor: OUT https://www.autoevolution.com/moto/ajp/pr/
Processor:2017/11/30 11:36:33 Spec Processor: IN https://www.autoevolution.com/moto/ajp-pr3-125-trail-2011.html
Processor:2017/11/30 11:36:34 Spec Processor: OUT https://www.autoevolution.com/moto/ajp-pr3-125-trail-2011.html
Processor:2017/11/30 11:36:34 Moto Processor: OUT https://www.autoevolution.com/moto/ajp/pr/
Processor:2017/11/30 11:36:38 Spec Processor: IN https://www.autoevolution.com/moto/ajp-pr3-200-enduro-pro-2011.html
Processor:2017/11/30 11:36:40 Spec Processor: OUT https://www.autoevolution.com/moto/ajp-pr3-200-enduro-pro-2011.html
Processor:2017/11/30 11:36:40 Moto Processor: OUT https://www.autoevolution.com/moto/ajp/pr/
Processor:2017/11/30 11:36:44 Spec Processor: IN https://www.autoevolution.com/moto/ajp-pr3-200-supermoto-2011.html
Processor:2017/11/30 11:36:45 Spec Processor: OUT https://www.autoevolution.com/moto/ajp-pr3-200-supermoto-2011.html
Processor:2017/11/30 11:36:45 Moto Processor: OUT https://www.autoevolution.com/moto/ajp/pr/
Processor:2017/11/30 11:36:49 Spec Processor: IN https://www.autoevolution.com/moto/ajp-pr4-125-enduro-2011.html
Processor:2017/11/30 11:36:50 Spec Processor: OUT https://www.autoevolution.com/moto/ajp-pr4-125-enduro-2011.html
Processor:2017/11/30 11:36:50 Moto Processor: OUT https://www.autoevolution.com/moto/ajp/pr/
Processor:2017/11/30 11:36:54 Spec Processor: IN https://www.autoevolution.com/moto/ajp-pr4-125-enduro-pro-2011.html
Processor:2017/11/30 11:36:55 Spec Processor: OUT https://www.autoevolution.com/moto/ajp-pr4-125-enduro-pro-2011.html
Processor:2017/11/30 11:36:55 Moto Processor: OUT https://www.autoevolution.com/moto/ajp/pr/
Processor:2017/11/30 11:36:59 Spec Processor: IN https://www.autoevolution.com/moto/ajp-pr4-125-supermoto-2011.html
Processor:2017/11/30 11:37:00 Spec Processor: OUT https://www.autoevolution.com/moto/ajp-pr4-125-supermoto-2011.html
Processor:2017/11/30 11:37:00 Moto Processor: OUT https://www.autoevolution.com/moto/ajp/pr/
Processor:2017/11/30 11:37:04 Spec Processor: IN https://www.autoevolution.com/moto/ajp-pr4-200-enduro-pro-2011.html
Processor:2017/11/30 11:37:05 Spec Processor: OUT https://www.autoevolution.com/moto/ajp-pr4-200-enduro-pro-2011.html
Processor:2017/11/30 11:37:05 Moto Processor: OUT https://www.autoevolution.com/moto/ajp/pr/
Processor:2017/11/30 11:37:09 Spec Processor: IN https://www.autoevolution.com/moto/ajp-pr4-200-supermoto-2011.html
Processor:2017/11/30 11:37:10 Spec Processor: OUT https://www.autoevolution.com/moto/ajp-pr4-200-supermoto-2011.html
Processor:2017/11/30 11:37:10 Moto Processor: OUT https://www.autoevolution.com/moto/ajp/pr/
Processor:2017/11/30 11:37:14 Spec Processor: IN https://www.autoevolution.com/moto/ajp-pr4-240-enduro-pro-2011.html
Processor:2017/11/30 11:37:15 Spec Processor: OUT https://www.autoevolution.com/moto/ajp-pr4-240-enduro-pro-2011.html
Processor:2017/11/30 11:37:15 Moto Processor: OUT https://www.autoevolution.com/moto/ajp/pr/
Processor:2017/11/30 11:37:19 Spec Processor: IN https://www.autoevolution.com/moto/ajp-pr4-240-supermoto-2011.html
Processor:2017/11/30 11:37:20 Spec Processor: OUT https://www.autoevolution.com/moto/ajp-pr4-240-supermoto-2011.html
Processor:2017/11/30 11:37:20 Moto Processor: OUT https://www.autoevolution.com/moto/ajp/pr/
Processor:2017/11/30 11:37:24 Spec Processor: IN https://www.autoevolution.com/moto/ajp-pr4-240-extreme-2011.html
Processor:2017/11/30 11:37:25 Spec Processor: OUT https://www.autoevolution.com/moto/ajp-pr4-240-extreme-2011.html
Processor:2017/11/30 11:37:25 Moto Processor: OUT https://www.autoevolution.com/moto/ajp/pr/
Processor:2017/11/30 11:37:29 Spec Processor: IN https://www.autoevolution.com/moto/ajp-pr3-200-enduro-pro-2010.html
Processor:2017/11/30 11:37:30 Spec Processor: OUT https://www.autoevolution.com/moto/ajp-pr3-200-enduro-pro-2010.html
Processor:2017/11/30 11:37:30 Moto Processor: OUT https://www.autoevolution.com/moto/ajp/pr/
Processor:2017/11/30 11:37:34 Spec Processor: IN https://www.autoevolution.com/moto/ajp-pr3-125-enduro-pro-2010.html
Processor:2017/11/30 11:37:35 Spec Processor: OUT https://www.autoevolution.com/moto/ajp-pr3-125-enduro-pro-2010.html
Processor:2017/11/30 11:37:35 Moto Processor: OUT https://www.autoevolution.com/moto/ajp/pr/
Processor:2017/11/30 11:37:39 Spec Processor: IN https://www.autoevolution.com/moto/ajp-pr3-125-trail-2010.html
Processor:2017/11/30 11:37:40 Spec Processor: OUT https://www.autoevolution.com/moto/ajp-pr3-125-trail-2010.html
Processor:2017/11/30 11:37:40 Moto Processor: OUT https://www.autoevolution.com/moto/ajp/pr/
Processor:2017/11/30 11:37:44 Spec Processor: IN https://www.autoevolution.com/moto/ajp-pr3-125-supermoto-2010.html
Processor:2017/11/30 11:37:45 Spec Processor: OUT https://www.autoevolution.com/moto/ajp-pr3-125-supermoto-2010.html
Processor:2017/11/30 11:37:45 Moto Processor: OUT https://www.autoevolution.com/moto/ajp/pr/
Processor:2017/11/30 11:37:49 Spec Processor: IN https://www.autoevolution.com/moto/ajp-pr3-200-supermoto-2010.html
Processor:2017/11/30 11:37:50 Spec Processor: OUT https://www.autoevolution.com/moto/ajp-pr3-200-supermoto-2010.html
Processor:2017/11/30 11:37:50 Moto Processor: OUT https://www.autoevolution.com/moto/ajp/pr/
Processor:2017/11/30 11:37:54 Spec Processor: IN https://www.autoevolution.com/moto/ajp-pr4-125-enduro-2010.html
Processor:2017/11/30 11:37:55 Spec Processor: OUT https://www.autoevolution.com/moto/ajp-pr4-125-enduro-2010.html
Processor:2017/11/30 11:37:55 Moto Processor: OUT https://www.autoevolution.com/moto/ajp/pr/
Processor:2017/11/30 11:37:59 Spec Processor: IN https://www.autoevolution.com/moto/ajp-pr4-125-enduro-pro-2010.html
Processor:2017/11/30 11:38:00 Spec Processor: OUT https://www.autoevolution.com/moto/ajp-pr4-125-enduro-pro-2010.html
Processor:2017/11/30 11:38:00 Moto Processor: OUT https://www.autoevolution.com/moto/ajp/pr/
Processor:2017/11/30 11:38:04 Spec Processor: IN https://www.autoevolution.com/moto/ajp-pr4-125-supermoto-2010.html
Processor:2017/11/30 11:38:05 Spec Processor: OUT https://www.autoevolution.com/moto/ajp-pr4-125-supermoto-2010.html
Processor:2017/11/30 11:38:05 Moto Processor: OUT https://www.autoevolution.com/moto/ajp/pr/
Processor:2017/11/30 11:38:09 Spec Processor: IN https://www.autoevolution.com/moto/ajp-pr4-200-enduro-pro-2010.html
Processor:2017/11/30 11:38:10 Spec Processor: OUT https://www.autoevolution.com/moto/ajp-pr4-200-enduro-pro-2010.html
Processor:2017/11/30 11:38:10 Moto Processor: OUT https://www.autoevolution.com/moto/ajp/pr/
Processor:2017/11/30 11:38:14 Spec Processor: IN https://www.autoevolution.com/moto/ajp-pr4-200-supermoto-2010.html
Processor:2017/11/30 11:38:15 Spec Processor: OUT https://www.autoevolution.com/moto/ajp-pr4-200-supermoto-2010.html
Processor:2017/11/30 11:38:15 Moto Processor: OUT https://www.autoevolution.com/moto/ajp/pr/
Processor:2017/11/30 11:38:19 Spec Processor: IN https://www.autoevolution.com/moto/ajp-pr4-240-enduro-pro-2010.html
Processor:2017/11/30 11:38:20 Spec Processor: OUT https://www.autoevolution.com/moto/ajp-pr4-240-enduro-pro-2010.html
Processor:2017/11/30 11:38:20 Moto Processor: OUT https://www.autoevolution.com/moto/ajp/pr/
Processor:2017/11/30 11:38:24 Spec Processor: IN https://www.autoevolution.com/moto/ajp-pr4-240-supermoto-2010.html
Processor:2017/11/30 11:38:25 Spec Processor: OUT https://www.autoevolution.com/moto/ajp-pr4-240-supermoto-2010.html
Processor:2017/11/30 11:38:25 Moto Processor: OUT https://www.autoevolution.com/moto/ajp/pr/
Processor:2017/11/30 11:38:29 Spec Processor: IN https://www.autoevolution.com/moto/ajp-pr4-240-extreme-2010.html
Processor:2017/11/30 11:38:30 Spec Processor: OUT https://www.autoevolution.com/moto/ajp-pr4-240-extreme-2010.html
Processor:2017/11/30 11:38:30 Moto Processor: OUT https://www.autoevolution.com/moto/ajp/pr/
Processor:2017/11/30 11:38:34 Spec Processor: IN https://www.autoevolution.com/moto/ajp-pr3-125-enduro-pro-2009.html
Processor:2017/11/30 11:38:35 Spec Processor: OUT https://www.autoevolution.com/moto/ajp-pr3-125-enduro-pro-2009.html
Processor:2017/11/30 11:38:35 Moto Processor: OUT https://www.autoevolution.com/moto/ajp/pr/
Processor:2017/11/30 11:38:39 Spec Processor: IN https://www.autoevolution.com/moto/ajp-pr3-200-enduro-pro-2009.html
Processor:2017/11/30 11:38:40 Spec Processor: OUT https://www.autoevolution.com/moto/ajp-pr3-200-enduro-pro-2009.html
Processor:2017/11/30 11:38:40 Moto Processor: OUT https://www.autoevolution.com/moto/ajp/pr/
Processor:2017/11/30 11:38:44 Spec Processor: IN https://www.autoevolution.com/moto/ajp-pr3-125-trail-2009.html
Processor:2017/11/30 11:38:45 Spec Processor: OUT https://www.autoevolution.com/moto/ajp-pr3-125-trail-2009.html
Processor:2017/11/30 11:38:45 Moto Processor: OUT https://www.autoevolution.com/moto/ajp/pr/
Processor:2017/11/30 11:38:49 Spec Processor: IN https://www.autoevolution.com/moto/ajp-pr3-200-supermoto-2009.html
Processor:2017/11/30 11:38:50 Spec Processor: OUT https://www.autoevolution.com/moto/ajp-pr3-200-supermoto-2009.html
Processor:2017/11/30 11:38:50 Moto Processor: OUT https://www.autoevolution.com/moto/ajp/pr/
Processor:2017/11/30 11:38:54 Spec Processor: IN https://www.autoevolution.com/moto/ajp-pr4-125-enduro-2009.html
Processor:2017/11/30 11:38:55 Spec Processor: OUT https://www.autoevolution.com/moto/ajp-pr4-125-enduro-2009.html
Processor:2017/11/30 11:38:55 Moto Processor: OUT https://www.autoevolution.com/moto/ajp/pr/
Processor:2017/11/30 11:38:59 Spec Processor: IN https://www.autoevolution.com/moto/ajp-pr4-125-enduro-pro-2009-1.html
Processor:2017/11/30 11:39:00 Spec Processor: OUT https://www.autoevolution.com/moto/ajp-pr4-125-enduro-pro-2009-1.html
Processor:2017/11/30 11:39:00 Moto Processor: OUT https://www.autoevolution.com/moto/ajp/pr/
Processor:2017/11/30 11:39:04 Spec Processor: IN https://www.autoevolution.com/moto/ajp-pr4-125-supermoto-2009-1.html
Processor:2017/11/30 11:39:05 Spec Processor: OUT https://www.autoevolution.com/moto/ajp-pr4-125-supermoto-2009-1.html
Processor:2017/11/30 11:39:05 Moto Processor: OUT https://www.autoevolution.com/moto/ajp/pr/
Processor:2017/11/30 11:39:09 Spec Processor: IN https://www.autoevolution.com/moto/ajp-pr4-200-enduro-pro-2009-1.html
Processor:2017/11/30 11:39:10 Spec Processor: OUT https://www.autoevolution.com/moto/ajp-pr4-200-enduro-pro-2009-1.html
Processor:2017/11/30 11:39:10 Moto Processor: OUT https://www.autoevolution.com/moto/ajp/pr/
Processor:2017/11/30 11:39:14 Spec Processor: IN https://www.autoevolution.com/moto/ajp-pr4-200-supermoto-2009-1.html
Processor:2017/11/30 11:39:15 Spec Processor: OUT https://www.autoevolution.com/moto/ajp-pr4-200-supermoto-2009-1.html
Processor:2017/11/30 11:39:15 Moto Processor: OUT https://www.autoevolution.com/moto/ajp/pr/
Processor:2017/11/30 11:39:19 Spec Processor: IN https://www.autoevolution.com/moto/ajp-pr4-240-enduro-pro-2009.html
Processor:2017/11/30 11:39:20 Spec Processor: OUT https://www.autoevolution.com/moto/ajp-pr4-240-enduro-pro-2009.html
Processor:2017/11/30 11:39:20 Moto Processor: OUT https://www.autoevolution.com/moto/ajp/pr/
Processor:2017/11/30 11:39:24 Spec Processor: IN https://www.autoevolution.com/moto/ajp-pr4-240-supermoto-2009.html
Processor:2017/11/30 11:39:26 Spec Processor: OUT https://www.autoevolution.com/moto/ajp-pr4-240-supermoto-2009.html
Processor:2017/11/30 11:39:26 Moto Processor: OUT https://www.autoevolution.com/moto/ajp/pr/
Processor:2017/11/30 11:39:30 Spec Processor: IN https://www.autoevolution.com/moto/ajp-pr4-240-extreme-2009.html
Processor:2017/11/30 11:39:31 Spec Processor: OUT https://www.autoevolution.com/moto/ajp-pr4-240-extreme-2009.html
Processor:2017/11/30 11:39:31 Moto Processor: OUT https://www.autoevolution.com/moto/ajp/pr/
Processor:2017/11/30 11:39:35 Spec Processor: IN https://www.autoevolution.com/moto/ajp-pr3-enduro-pro-2009.html
Processor:2017/11/30 11:39:36 Spec Processor: OUT https://www.autoevolution.com/moto/ajp-pr3-enduro-pro-2009.html
Processor:2017/11/30 11:39:36 Moto Processor: OUT https://www.autoevolution.com/moto/ajp/pr/
Processor:2017/11/30 11:39:40 Spec Processor: IN https://www.autoevolution.com/moto/ajp-pr4-125-enduro-2008.html
Processor:2017/11/30 11:39:43 Spec Processor: OUT https://www.autoevolution.com/moto/ajp-pr4-125-enduro-2008.html
Processor:2017/11/30 11:39:43 Moto Processor: OUT https://www.autoevolution.com/moto/ajp/pr/
Processor:2017/11/30 11:39:47 Spec Processor: IN https://www.autoevolution.com/moto/ajp-pr4-125-enduro-pro-2008.html
Processor:2017/11/30 11:39:48 Spec Processor: OUT https://www.autoevolution.com/moto/ajp-pr4-125-enduro-pro-2008.html
Processor:2017/11/30 11:39:48 Moto Processor: OUT https://www.autoevolution.com/moto/ajp/pr/
Processor:2017/11/30 11:39:52 Spec Processor: IN https://www.autoevolution.com/moto/ajp-pr4-125-supermoto-2008.html
Processor:2017/11/30 11:39:54 Spec Processor: OUT https://www.autoevolution.com/moto/ajp-pr4-125-supermoto-2008.html
Processor:2017/11/30 11:39:54 Moto Processor: OUT https://www.autoevolution.com/moto/ajp/pr/
Processor:2017/11/30 11:39:58 Spec Processor: IN https://www.autoevolution.com/moto/ajp-pr4-200-enduro-2008.html
Processor:2017/11/30 11:39:59 Spec Processor: OUT https://www.autoevolution.com/moto/ajp-pr4-200-enduro-2008.html
Processor:2017/11/30 11:39:59 Moto Processor: OUT https://www.autoevolution.com/moto/ajp/pr/
Processor:2017/11/30 11:40:03 Spec Processor: IN https://www.autoevolution.com/moto/ajp-pr4-200-supermoto-2008.html
Processor:2017/11/30 11:40:04 Spec Processor: OUT https://www.autoevolution.com/moto/ajp-pr4-200-supermoto-2008.html
Processor:2017/11/30 11:40:04 Moto Processor: OUT https://www.autoevolution.com/moto/ajp/pr/
Processor:2017/11/30 11:40:08 Spec Processor: IN https://www.autoevolution.com/moto/ajp-pr4-125-enduro-2007.html
Processor:2017/11/30 11:40:09 Spec Processor: OUT https://www.autoevolution.com/moto/ajp-pr4-125-enduro-2007.html
Processor:2017/11/30 11:40:09 Moto Processor: OUT https://www.autoevolution.com/moto/ajp/pr/
Processor:2017/11/30 11:40:13 Spec Processor: IN https://www.autoevolution.com/moto/ajp-pr4-125-supermoto-2007.html
Processor:2017/11/30 11:40:14 Spec Processor: OUT https://www.autoevolution.com/moto/ajp-pr4-125-supermoto-2007.html
Processor:2017/11/30 11:40:14 Moto Processor: OUT https://www.autoevolution.com/moto/ajp/pr/
Processor:2017/11/30 11:40:18 Spec Processor: IN https://www.autoevolution.com/moto/ajp-pr4-200-enduro-2007.html
Processor:2017/11/30 11:40:19 Spec Processor: OUT https://www.autoevolution.com/moto/ajp-pr4-200-enduro-2007.html
Processor:2017/11/30 11:40:19 Moto Processor: OUT https://www.autoevolution.com/moto/ajp/pr/
Processor:2017/11/30 11:40:23 Spec Processor: IN https://www.autoevolution.com/moto/ajp-pr4-200-supermoto-2007.html
Processor:2017/11/30 11:40:25 Spec Processor: OUT https://www.autoevolution.com/moto/ajp-pr4-200-supermoto-2007.html
Processor:2017/11/30 11:40:25 Moto Processor: OUT https://www.autoevolution.com/moto/ajp/pr/
Processor:2017/11/30 11:40:29 Spec Processor: IN https://www.autoevolution.com/moto/ajp-pr4-125-enduro-2006.html
Processor:2017/11/30 11:40:31 Spec Processor: OUT https://www.autoevolution.com/moto/ajp-pr4-125-enduro-2006.html
Processor:2017/11/30 11:40:31 Moto Processor: OUT https://www.autoevolution.com/moto/ajp/pr/
Processor:2017/11/30 11:40:35 Spec Processor: IN https://www.autoevolution.com/moto/ajp-pr4-125-supermoto-2006.html
Processor:2017/11/30 11:40:38 Spec Processor: OUT https://www.autoevolution.com/moto/ajp-pr4-125-supermoto-2006.html
Processor:2017/11/30 11:40:38 Moto Processor: OUT https://www.autoevolution.com/moto/ajp/pr/
Processor:2017/11/30 11:40:42 Spec Processor: IN https://www.autoevolution.com/moto/ajp-pr4-200-enduro-2006.html
Processor:2017/11/30 11:40:43 Spec Processor: OUT https://www.autoevolution.com/moto/ajp-pr4-200-enduro-2006.html
Processor:2017/11/30 11:40:43 Moto Processor: OUT https://www.autoevolution.com/moto/ajp/pr/
Processor:2017/11/30 11:40:47 Spec Processor: IN https://www.autoevolution.com/moto/ajp-pr4-200-supermoto-2006.html
Processor:2017/11/30 11:40:48 Spec Processor: OUT https://www.autoevolution.com/moto/ajp-pr4-200-supermoto-2006.html
Processor:2017/11/30 11:40:48 Moto Processor: OUT https://www.autoevolution.com/moto/ajp/pr/
Processor:2017/11/30 11:40:52 Spec Processor: IN https://www.autoevolution.com/moto/ajp-pr4-125-enduro-2005.html
Processor:2017/11/30 11:40:56 Spec Processor: OUT https://www.autoevolution.com/moto/ajp-pr4-125-enduro-2005.html
Processor:2017/11/30 11:40:56 Moto Processor: OUT https://www.autoevolution.com/moto/ajp/pr/
Processor:2017/11/30 11:41:00 Spec Processor: IN https://www.autoevolution.com/moto/ajp-pr4-125-supermoto-2005.html
Processor:2017/11/30 11:41:01 Spec Processor: OUT https://www.autoevolution.com/moto/ajp-pr4-125-supermoto-2005.html
Processor:2017/11/30 11:41:01 Moto Processor: OUT https://www.autoevolution.com/moto/ajp/pr/
Processor:2017/11/30 11:41:05 Spec Processor: IN https://www.autoevolution.com/moto/ajp-pr4-200-enduro-2005.html
Processor:2017/11/30 11:41:06 Spec Processor: OUT https://www.autoevolution.com/moto/ajp-pr4-200-enduro-2005.html
Processor:2017/11/30 11:41:06 Moto Processor: OUT https://www.autoevolution.com/moto/ajp/pr/
Processor:2017/11/30 11:41:10 Spec Processor: IN https://www.autoevolution.com/moto/ajp-pr4-200-supermoto-2005.html
Processor:2017/11/30 11:41:15 Spec Processor: OUT https://www.autoevolution.com/moto/ajp-pr4-200-supermoto-2005.html
Processor:2017/11/30 11:41:15 Moto Processor: OUT https://www.autoevolution.com/moto/ajp/pr/
Processor:2017/11/30 11:41:19 Spec Processor: IN https://www.autoevolution.com/moto/ajp-pr4-200-enduro-2004.html
Processor:2017/11/30 11:41:28 Spec Processor: OUT https://www.autoevolution.com/moto/ajp-pr4-200-enduro-2004.html
Processor:2017/11/30 11:41:28 Moto Processor: OUT https://www.autoevolution.com/moto/ajp/pr/
Processor:2017/11/30 11:41:32 Spec Processor: IN https://www.autoevolution.com/moto/ajp-pr4-125-enduro-2004.html
Processor:2017/11/30 11:41:36 Spec Processor: OUT https://www.autoevolution.com/moto/ajp-pr4-125-enduro-2004.html
Processor:2017/11/30 11:41:36 Moto Processor: OUT https://www.autoevolution.com/moto/ajp/pr/
Processor:2017/11/30 11:41:40 Spec Processor: IN https://www.autoevolution.com/moto/ajp-pr4-125-supermoto-2004.html
Processor:2017/11/30 11:41:41 Spec Processor: OUT https://www.autoevolution.com/moto/ajp-pr4-125-supermoto-2004.html
Processor:2017/11/30 11:41:41 Moto Processor: OUT https://www.autoevolution.com/moto/ajp/pr/
Processor:2017/11/30 11:41:45 Spec Processor: IN https://www.autoevolution.com/moto/ajp-pr4-200-supermoto-2004.html
Processor:2017/11/30 11:41:46 Spec Processor: OUT https://www.autoevolution.com/moto/ajp-pr4-200-supermoto-2004.html
Processor:2017/11/30 11:41:46 Moto Processor: OUT https://www.autoevolution.com/moto/ajp/pr/
Processor:2017/11/30 11:41:50 Spec Processor: IN https://www.autoevolution.com/moto/ajp-pr4-125-enduro-2003.html
Processor:2017/11/30 11:41:57 Spec Processor: OUT https://www.autoevolution.com/moto/ajp-pr4-125-enduro-2003.html
Processor:2017/11/30 11:41:57 Moto Processor: OUT https://www.autoevolution.com/moto/ajp/pr/
Processor:2017/11/30 11:42:01 Spec Processor: IN https://www.autoevolution.com/moto/ajp-pr4-125-supermoto-2003.html
Processor:2017/11/30 11:42:02 Spec Processor: OUT https://www.autoevolution.com/moto/ajp-pr4-125-supermoto-2003.html
Processor:2017/11/30 11:42:02 Moto Processor: OUT https://www.autoevolution.com/moto/ajp/pr/
Processor:2017/11/30 11:42:06 Spec Processor: IN https://www.autoevolution.com/moto/ajp-pr4-125-enduro-2002.html
Processor:2017/11/30 11:42:11 Spec Processor: OUT https://www.autoevolution.com/moto/ajp-pr4-125-enduro-2002.html
Processor:2017/11/30 11:42:11 Moto Processor: OUT https://www.autoevolution.com/moto/ajp/pr/
Processor:2017/11/30 11:42:15 Spec Processor: IN https://www.autoevolution.com/moto/ajp-pr4-125-supermoto-2002.html
Processor:2017/11/30 11:42:18 Spec Processor: OUT https://www.autoevolution.com/moto/ajp-pr4-125-supermoto-2002.html
Processor:2017/11/30 11:42:18 Moto Processor: OUT https://www.autoevolution.com/moto/ajp/pr/
Processor:2017/11/30 11:42:22 Spec Processor: IN https://www.autoevolution.com/moto/ajp-pr4-125-enduro-2001.html
Processor:2017/11/30 11:42:23 Spec Processor: OUT https://www.autoevolution.com/moto/ajp-pr4-125-enduro-2001.html
Processor:2017/11/30 11:42:23 Moto Processor: OUT https://www.autoevolution.com/moto/ajp/pr/
Processor:2017/11/30 11:42:27 Spec Processor: IN https://www.autoevolution.com/moto/ajp-pr4-125-supermoto-2001.html
Processor:2017/11/30 11:42:30 Spec Processor: OUT https://www.autoevolution.com/moto/ajp-pr4-125-supermoto-2001.html
Processor:2017/11/30 11:42:30 Moto Processor: OUT https://www.autoevolution.com/moto/ajp/pr/
Processor:2017/11/30 11:42:34 Spec Processor: IN https://www.autoevolution.com/moto/ajp-pr4-125-supermoto-2000.html
Processor:2017/11/30 11:42:41 Spec Processor: OUT https://www.autoevolution.com/moto/ajp-pr4-125-supermoto-2000.html
Processor:2017/11/30 11:42:41 Moto Processor: OUT https://www.autoevolution.com/moto/ajp/pr/
Processor:2017/11/30 11:42:41 Model Processor: OUT https://www.autoevolution.com/moto/ajp/
Processor:2017/11/30 11:42:45 Moto Processor: IN https://www.autoevolution.com/moto/ajp/enduro-5/
Processor:2017/11/30 11:42:45 Spec Processor: IN https://www.autoevolution.com/moto/ajp-pr4-125-enduro-2000.html
Processor:2017/11/30 11:42:47 Spec Processor: OUT https://www.autoevolution.com/moto/ajp-pr4-125-enduro-2000.html
Processor:2017/11/30 11:42:47 Moto Processor: OUT https://www.autoevolution.com/moto/ajp/enduro-5/
Processor:2017/11/30 11:42:51 Spec Processor: IN https://www.autoevolution.com/moto/ajp-pr3-125-enduro-2012.html
Processor:2017/11/30 11:42:58 Spec Processor: OUT https://www.autoevolution.com/moto/ajp-pr3-125-enduro-2012.html
Processor:2017/11/30 11:42:58 Moto Processor: OUT https://www.autoevolution.com/moto/ajp/enduro-5/
Processor:2017/11/30 11:43:02 Spec Processor: IN https://www.autoevolution.com/moto/ajp-pr3-125-enduro-2011.html
